0 info it worked if it ends with ok
1 verbose cli [ '/usr/bin/node', '/usr/bin/npm', 'start' ]
2 info using npm@3.5.2
3 info using node@v8.10.0
4 verbose run-script [ 'prestart', 'start', 'poststart' ]
5 info lifecycle react-multikart@0.1.0~prestart: react-multikart@0.1.0
6 silly lifecycle react-multikart@0.1.0~prestart: no script for prestart, continuing
7 info lifecycle react-multikart@0.1.0~start: react-multikart@0.1.0
8 verbose lifecycle react-multikart@0.1.0~start: unsafe-perm in lifecycle true
9 verbose lifecycle react-multikart@0.1.0~start: PATH: /usr/share/npm/bin/node-gyp-bin:/home/jarri/Desktop/projects-web/eCommerce/template-store1/node_modules/.bin:/usr/local/sbin:/usr/local/bin:/usr/sbin:/usr/bin:/sbin:/bin:/snap/bin
10 verbose lifecycle react-multikart@0.1.0~start: CWD: /home/jarri/Desktop/projects-web/eCommerce/template-store1
11 silly lifecycle react-multikart@0.1.0~start: Args: [ '-c', 'node scripts/start.js' ]
12 silly lifecycle react-multikart@0.1.0~start: Returned: code: 0  signal: null
13 verbose stack Error: write EIO
13 verbose stack     at _errnoException (util.js:1022:11)
13 verbose stack     at WriteWrap.afterWrite [as oncomplete] (net.js:880:14)
14 verbose cwd /home/jarri/Desktop/projects-web/eCommerce/template-store1
15 error Linux 4.15.0-108-generic
16 error argv "/usr/bin/node" "/usr/bin/npm" "start"
17 error node v8.10.0
18 error npm  v3.5.2
19 error code EIO
20 error errno EIO
21 error syscall write
22 error write EIO
23 error If you need help, you may report this error at:
23 error     <https://github.com/npm/npm/issues>
24 verbose exit [ 1, true ]
